<?xml version="1.0" encoding="UTF-8"?>
<!-- Generated by org.testng.reporters.JUnitXMLReporter -->
<testsuite hostname="DESKTOP-TJOM4JO" ignored="0" name="Default test" tests="56" failures="0" timestamp="25 Oct 2018 22:59:33 GMT" time="0.304" errors="0">
  <testcase name="shouldReturnFalseIfNullPasswordProvided" time="0.018" classname="test.by.epam.auction.validator.ValidatorTest"/>
  <testcase name="shouldReturnFalseIfNullPasswordProvided" time="0.001" classname="test.by.epam.auction.validator.ValidatorTest"/>
  <testcase name="shouldReturnFalseIfNullPasswordProvided" time="0.002" classname="test.by.epam.auction.validator.ValidatorTest"/>
  <testcase name="shouldReturnFalseIfNullPasswordProvided" time="0.006" classname="test.by.epam.auction.validator.ValidatorTest"/>
  <testcase name="shouldReturnFalseIfNullPasswordProvided" time="0.001" classname="test.by.epam.auction.validator.ValidatorTest"/>
  <testcase name="validateTwoPasswordsMatchEachOther" time="0.001" classname="test.by.epam.auction.validator.ValidatorTest"/>
  <testcase name="validateTwoPasswordsMatchEachOther" time="0.001" classname="test.by.epam.auction.validator.ValidatorTest"/>
  <testcase name="validateTwoPasswordsMatchEachOther" time="0.001" classname="test.by.epam.auction.validator.ValidatorTest"/>
  <testcase name="validateTwoPasswordsWontMatchEachOther" time="0.002" classname="test.by.epam.auction.validator.ValidatorTest"/>
  <testcase name="validateTwoPasswordsWontMatchEachOther" time="0.001" classname="test.by.epam.auction.validator.ValidatorTest"/>
  <testcase name="validateTwoPasswordsWontMatchEachOther" time="0.002" classname="test.by.epam.auction.validator.ValidatorTest"/>
  <testcase name="validateTwoPasswordsWontMatchEachOther" time="0.002" classname="test.by.epam.auction.validator.ValidatorTest"/>
  <testcase name="validateTwoPasswordsWontMatchEachOther" time="0.001" classname="test.by.epam.auction.validator.ValidatorTest"/>
  <testcase name="validateTwoPasswordsWontMatchEachOther" time="0.002" classname="test.by.epam.auction.validator.ValidatorTest"/>
  <testcase name="isAbleToFilterOffIncorrectValues" time="0.066" classname="test.by.epam.auction.parser.IdParserTest"/>
  <testcase name="isAbleToFilterOffIncorrectValues" time="0.001" classname="test.by.epam.auction.parser.IdParserTest"/>
  <testcase name="isAbleToFilterOffIncorrectValues" time="0.001" classname="test.by.epam.auction.parser.IdParserTest"/>
  <testcase name="isAbleToFilterOffIncorrectValues" time="0.001" classname="test.by.epam.auction.parser.IdParserTest"/>
  <testcase name="isAbleToFilterOffIncorrectValues" time="0.004" classname="test.by.epam.auction.parser.IdParserTest"/>
  <testcase name="isAbleToFilterOffIncorrectValues" time="0.002" classname="test.by.epam.auction.parser.IdParserTest"/>
  <testcase name="isAbleToParseCorrectAmount" time="0.002" classname="test.by.epam.auction.parser.IdParserTest"/>
  <testcase name="isAbleToParseCorrectAmount" time="0.002" classname="test.by.epam.auction.parser.IdParserTest"/>
  <testcase name="isAbleToParseCorrectAmount" time="0.001" classname="test.by.epam.auction.parser.IdParserTest"/>
  <testcase name="isAbleToParseCorrectAmount" time="0.001" classname="test.by.epam.auction.parser.IdParserTest"/>
  <testcase name="isAbleToParseCorrectAmount" time="0.002" classname="test.by.epam.auction.parser.IdParserTest"/>
  <testcase name="isAbleToFilterOffIncorrectValues" time="0.002" classname="test.by.epam.auction.parser.AmountParserTest"/>
  <testcase name="isAbleToFilterOffIncorrectValues" time="0.002" classname="test.by.epam.auction.parser.AmountParserTest"/>
  <testcase name="isAbleToFilterOffIncorrectValues" time="0.001" classname="test.by.epam.auction.parser.AmountParserTest"/>
  <testcase name="isAbleToFilterOffIncorrectValues" time="0.002" classname="test.by.epam.auction.parser.AmountParserTest"/>
  <testcase name="isAbleToFilterOffIncorrectValues" time="0.001" classname="test.by.epam.auction.parser.AmountParserTest"/>
  <testcase name="isAbleToParseCorrectAmount" time="0.002" classname="test.by.epam.auction.parser.AmountParserTest"/>
  <testcase name="isAbleToParseCorrectAmount" time="0.002" classname="test.by.epam.auction.parser.AmountParserTest"/>
  <testcase name="isAbleToParseCorrectAmount" time="0.001" classname="test.by.epam.auction.parser.AmountParserTest"/>
  <testcase name="isAbleToParseCorrectAmount" time="0.001" classname="test.by.epam.auction.parser.AmountParserTest"/>
  <testcase name="isAbleToParseCorrectAmount" time="0.001" classname="test.by.epam.auction.parser.AmountParserTest"/>
  <testcase name="isAbleToFilterOffIncorrectValues" time="0.007" classname="test.by.epam.auction.parser.PageNumberParserTest"/>
  <testcase name="isAbleToFilterOffIncorrectValues" time="0.004" classname="test.by.epam.auction.parser.PageNumberParserTest"/>
  <testcase name="isAbleToFilterOffIncorrectValues" time="0.002" classname="test.by.epam.auction.parser.PageNumberParserTest"/>
  <testcase name="isAbleToFilterOffIncorrectValues" time="0.002" classname="test.by.epam.auction.parser.PageNumberParserTest"/>
  <testcase name="isAbleToFilterOffIncorrectValues" time="0.003" classname="test.by.epam.auction.parser.PageNumberParserTest"/>
  <testcase name="isAbleToParseCorrectAmount" time="0.006" classname="test.by.epam.auction.parser.PageNumberParserTest"/>
  <testcase name="isAbleToParseCorrectAmount" time="0.002" classname="test.by.epam.auction.parser.PageNumberParserTest"/>
  <testcase name="isAbleToParseCorrectAmount" time="0.001" classname="test.by.epam.auction.parser.PageNumberParserTest"/>
  <testcase name="isAbleToParseCorrectAmount" time="0.001" classname="test.by.epam.auction.parser.PageNumberParserTest"/>
  <testcase name="isAbleToParseCorrectAmount" time="0.001" classname="test.by.epam.auction.parser.PageNumberParserTest"/>
  <testcase name="isAbleToParseCorrectAmount" time="0.001" classname="test.by.epam.auction.parser.PageNumberParserTest"/>
  <testcase name="isAbleToFilterOffIncorrectValues" time="0.002" classname="test.by.epam.auction.parser.AuctionTypeParserTest"/>
  <testcase name="isAbleToFilterOffIncorrectValues" time="0.001" classname="test.by.epam.auction.parser.AuctionTypeParserTest"/>
  <testcase name="isAbleToFilterOffIncorrectValues" time="0.002" classname="test.by.epam.auction.parser.AuctionTypeParserTest"/>
  <testcase name="isAbleToFilterOffIncorrectValues" time="0.001" classname="test.by.epam.auction.parser.AuctionTypeParserTest"/>
  <testcase name="isAbleToParseCorrectAuctionType" time="0.003" classname="test.by.epam.auction.parser.AuctionTypeParserTest"/>
  <testcase name="isAbleToParseCorrectAuctionType" time="0.002" classname="test.by.epam.auction.parser.AuctionTypeParserTest"/>
  <testcase name="isAbleToParseCorrectAuctionType" time="0.001" classname="test.by.epam.auction.parser.AuctionTypeParserTest"/>
  <testcase name="isAbleToParseCorrectAuctionType" time="0.001" classname="test.by.epam.auction.parser.AuctionTypeParserTest"/>
  <testcase name="isAbleToParseCorrectAuctionType" time="0.002" classname="test.by.epam.auction.parser.AuctionTypeParserTest"/>
  <testcase name="isAbleToParseCorrectAuctionType" time="0.001" classname="test.by.epam.auction.parser.AuctionTypeParserTest"/>
</testsuite> <!-- Default test -->
