<?xml version="1.0" encoding="UTF-8"?>
<!-- Generated by org.testng.reporters.JUnitXMLReporter -->
<testsuite hostname="DESKTOP-TJOM4JO" ignored="0" name="Default test" tests="56" failures="0" timestamp="25 Oct 2018 07:02:35 GMT" time="0.25" errors="0">
  <testcase name="isAbleToFilterOffIncorrectValues" time="0.061" classname="test.by.epam.auction.parser.AmountParserTest"/>
  <testcase name="isAbleToFilterOffIncorrectValues" time="0.0" classname="test.by.epam.auction.parser.AmountParserTest"/>
  <testcase name="isAbleToFilterOffIncorrectValues" time="0.016" classname="test.by.epam.auction.parser.AmountParserTest"/>
  <testcase name="isAbleToFilterOffIncorrectValues" time="0.0" classname="test.by.epam.auction.parser.AmountParserTest"/>
  <testcase name="isAbleToFilterOffIncorrectValues" time="0.0" classname="test.by.epam.auction.parser.AmountParserTest"/>
  <testcase name="isAbleToParseCorrectAmount" time="0.0" classname="test.by.epam.auction.parser.AmountParserTest"/>
  <testcase name="isAbleToParseCorrectAmount" time="0.0" classname="test.by.epam.auction.parser.AmountParserTest"/>
  <testcase name="isAbleToParseCorrectAmount" time="0.0" classname="test.by.epam.auction.parser.AmountParserTest"/>
  <testcase name="isAbleToParseCorrectAmount" time="0.0" classname="test.by.epam.auction.parser.AmountParserTest"/>
  <testcase name="isAbleToParseCorrectAmount" time="0.015" classname="test.by.epam.auction.parser.AmountParserTest"/>
  <testcase name="shouldReturnFalseIfNullPasswordProvided" time="0.0" classname="test.by.epam.auction.validator.ValidatorTest"/>
  <testcase name="shouldReturnFalseIfNullPasswordProvided" time="0.0" classname="test.by.epam.auction.validator.ValidatorTest"/>
  <testcase name="shouldReturnFalseIfNullPasswordProvided" time="0.0" classname="test.by.epam.auction.validator.ValidatorTest"/>
  <testcase name="shouldReturnFalseIfNullPasswordProvided" time="0.0" classname="test.by.epam.auction.validator.ValidatorTest"/>
  <testcase name="shouldReturnFalseIfNullPasswordProvided" time="0.0" classname="test.by.epam.auction.validator.ValidatorTest"/>
  <testcase name="validateTwoPasswordsMatchEachOther" time="0.0" classname="test.by.epam.auction.validator.ValidatorTest"/>
  <testcase name="validateTwoPasswordsMatchEachOther" time="0.0" classname="test.by.epam.auction.validator.ValidatorTest"/>
  <testcase name="validateTwoPasswordsMatchEachOther" time="0.0" classname="test.by.epam.auction.validator.ValidatorTest"/>
  <testcase name="validateTwoPasswordsWontMatchEachOther" time="0.0" classname="test.by.epam.auction.validator.ValidatorTest"/>
  <testcase name="validateTwoPasswordsWontMatchEachOther" time="0.0" classname="test.by.epam.auction.validator.ValidatorTest"/>
  <testcase name="validateTwoPasswordsWontMatchEachOther" time="0.0" classname="test.by.epam.auction.validator.ValidatorTest"/>
  <testcase name="validateTwoPasswordsWontMatchEachOther" time="0.0" classname="test.by.epam.auction.validator.ValidatorTest"/>
  <testcase name="validateTwoPasswordsWontMatchEachOther" time="0.016" classname="test.by.epam.auction.validator.ValidatorTest"/>
  <testcase name="validateTwoPasswordsWontMatchEachOther" time="0.0" classname="test.by.epam.auction.validator.ValidatorTest"/>
  <testcase name="isAbleToFilterOffIncorrectValues" time="0.0" classname="test.by.epam.auction.parser.PageNumberParserTest"/>
  <testcase name="isAbleToFilterOffIncorrectValues" time="0.0" classname="test.by.epam.auction.parser.PageNumberParserTest"/>
  <testcase name="isAbleToFilterOffIncorrectValues" time="0.0" classname="test.by.epam.auction.parser.PageNumberParserTest"/>
  <testcase name="isAbleToFilterOffIncorrectValues" time="0.015" classname="test.by.epam.auction.parser.PageNumberParserTest"/>
  <testcase name="isAbleToFilterOffIncorrectValues" time="0.0" classname="test.by.epam.auction.parser.PageNumberParserTest"/>
  <testcase name="isAbleToParseCorrectAmount" time="0.0" classname="test.by.epam.auction.parser.PageNumberParserTest"/>
  <testcase name="isAbleToParseCorrectAmount" time="0.0" classname="test.by.epam.auction.parser.PageNumberParserTest"/>
  <testcase name="isAbleToParseCorrectAmount" time="0.0" classname="test.by.epam.auction.parser.PageNumberParserTest"/>
  <testcase name="isAbleToParseCorrectAmount" time="0.0" classname="test.by.epam.auction.parser.PageNumberParserTest"/>
  <testcase name="isAbleToParseCorrectAmount" time="0.016" classname="test.by.epam.auction.parser.PageNumberParserTest"/>
  <testcase name="isAbleToParseCorrectAmount" time="0.0" classname="test.by.epam.auction.parser.PageNumberParserTest"/>
  <testcase name="isAbleToFilterOffIncorrectValues" time="0.0" classname="test.by.epam.auction.parser.IdParserTest"/>
  <testcase name="isAbleToFilterOffIncorrectValues" time="0.0" classname="test.by.epam.auction.parser.IdParserTest"/>
  <testcase name="isAbleToFilterOffIncorrectValues" time="0.0" classname="test.by.epam.auction.parser.IdParserTest"/>
  <testcase name="isAbleToFilterOffIncorrectValues" time="0.0" classname="test.by.epam.auction.parser.IdParserTest"/>
  <testcase name="isAbleToFilterOffIncorrectValues" time="0.015" classname="test.by.epam.auction.parser.IdParserTest"/>
  <testcase name="isAbleToFilterOffIncorrectValues" time="0.0" classname="test.by.epam.auction.parser.IdParserTest"/>
  <testcase name="isAbleToParseCorrectAmount" time="0.0" classname="test.by.epam.auction.parser.IdParserTest"/>
  <testcase name="isAbleToParseCorrectAmount" time="0.0" classname="test.by.epam.auction.parser.IdParserTest"/>
  <testcase name="isAbleToParseCorrectAmount" time="0.0" classname="test.by.epam.auction.parser.IdParserTest"/>
  <testcase name="isAbleToParseCorrectAmount" time="0.0" classname="test.by.epam.auction.parser.IdParserTest"/>
  <testcase name="isAbleToParseCorrectAmount" time="0.0" classname="test.by.epam.auction.parser.IdParserTest"/>
  <testcase name="isAbleToFilterOffIncorrectValues" time="0.0" classname="test.by.epam.auction.parser.AuctionTypeParserTest"/>
  <testcase name="isAbleToFilterOffIncorrectValues" time="0.016" classname="test.by.epam.auction.parser.AuctionTypeParserTest"/>
  <testcase name="isAbleToFilterOffIncorrectValues" time="0.0" classname="test.by.epam.auction.parser.AuctionTypeParserTest"/>
  <testcase name="isAbleToFilterOffIncorrectValues" time="0.0" classname="test.by.epam.auction.parser.AuctionTypeParserTest"/>
  <testcase name="isAbleToParseCorrectAuctionType" time="0.0" classname="test.by.epam.auction.parser.AuctionTypeParserTest"/>
  <testcase name="isAbleToParseCorrectAuctionType" time="0.0" classname="test.by.epam.auction.parser.AuctionTypeParserTest"/>
  <testcase name="isAbleToParseCorrectAuctionType" time="0.0" classname="test.by.epam.auction.parser.AuctionTypeParserTest"/>
  <testcase name="isAbleToParseCorrectAuctionType" time="0.0" classname="test.by.epam.auction.parser.AuctionTypeParserTest"/>
  <testcase name="isAbleToParseCorrectAuctionType" time="0.016" classname="test.by.epam.auction.parser.AuctionTypeParserTest"/>
  <testcase name="isAbleToParseCorrectAuctionType" time="0.0" classname="test.by.epam.auction.parser.AuctionTypeParserTest"/>
</testsuite> <!-- Default test -->
